<?xml version="1.0" encoding="UTF-8"?>
<!-- Generated by org.testng.reporters.JUnitXMLReporter -->
<testsuite ignored="0" hostname="DESKTOP-RATK9UP" failures="2" tests="3" name="TestN" time="65.316" errors="0" timestamp="2022-02-02T22:37:36 EST">
  <testcase classname="testLayer.Product_Demoblaze" name="Add_ToCart" time="0.017">
    <failure type="java.lang.NullPointerException" message="Cannot invoke &amp;quot;org.openqa.selenium.WebDriver.switchTo()&amp;quot; because &amp;quot;pom_Demoblaze_Product.POM_Demoblaze_Product.driver&amp;quot; is null">
      <![CDATA[java.lang.NullPointerException: Cannot invoke "org.openqa.selenium.WebDriver.switchTo()" because "pom_Demoblaze_Product.POM_Demoblaze_Product.driver" is null
at pom_Demoblaze_Product.POM_Demoblaze_Product.AddToCart(POM_Demoblaze_Product.java:32)
at testLayer.Product_Demoblaze.Add_ToCart(Product_Demoblaze.java:22)
at java.base/java.util.ArrayList.forEach(ArrayList.java:1511)
at java.base/java.util.concurrent.FutureTask.run(FutureTask.java:264)
at java.base/java.util.concurrent.ThreadPoolExecutor.runWorker(ThreadPoolExecutor.java:1136)
at java.base/java.util.concurrent.ThreadPoolExecutor$Worker.run(ThreadPoolExecutor.java:635)
at java.base/java.lang.Thread.run(Thread.java:833)
... Removed 18 stack frames]]>
    </failure>
  </testcase> <!-- Add_ToCart -->
  <testcase classname="testLayer.Cart_Demoblaze" name="Check_Product_Added" time="0.002">
    <failure type="java.lang.NullPointerException" message="Cannot invoke &amp;quot;org.openqa.selenium.WebDriver.switchTo()&amp;quot; because &amp;quot;pom_Demoblaze_Cart.POM_Demoblaze_Cart.driver&amp;quot; is null">
      <![CDATA[java.lang.NullPointerException: Cannot invoke "org.openqa.selenium.WebDriver.switchTo()" because "pom_Demoblaze_Cart.POM_Demoblaze_Cart.driver" is null
at pom_Demoblaze_Cart.POM_Demoblaze_Cart.title(POM_Demoblaze_Cart.java:26)
at testLayer.Cart_Demoblaze.Check_Product_Added(Cart_Demoblaze.java:20)
at java.base/java.util.ArrayList.forEach(ArrayList.java:1511)
at java.base/java.util.concurrent.FutureTask.run(FutureTask.java:264)
at java.base/java.util.concurrent.ThreadPoolExecutor.runWorker(ThreadPoolExecutor.java:1136)
at java.base/java.util.concurrent.ThreadPoolExecutor$Worker.run(ThreadPoolExecutor.java:635)
at java.base/java.lang.Thread.run(Thread.java:833)
... Removed 18 stack frames]]>
    </failure>
  </testcase> <!-- Check_Product_Added -->
  <testcase classname="testLayer.Demoblaze_Home" name="Laptops" time="22.195"/>
</testsuite> <!-- TestN -->
